<?xml version="1.0" encoding="UTF-8"?>
<!-- Generated by org.testng.reporters.JUnitXMLReporter -->
<testsuite ignored="8" hostname="LAPTOP-8LV2OBVU" failures="0" tests="3" name="firefox Test" time="106.839" errors="0" timestamp="2023-12-23T13:58:32 IST">
  <testcase classname="testcases.TC006_SearchTheProductTest" name="searchtheproduct" time="32.432"/>
  <testcase classname="testcases.TC007_ShopbyDepartmentTest" name="shopbydepartment" time="33.598"/>
  <testcase classname="testcases.TC008_ShopbyBrandTest" name="shopbybrand" time="32.013"/>
  <testcase classname="testcases.TC005_NegativeSigninTest" name="negativesignintest" time="0.0">
    <ignored/>
  </testcase> <!-- negativesignintest -->
  <testcase classname="testcases.TC001_BrokenLinkTest" name="brokenlinktest" time="0.0">
    <ignored/>
  </testcase> <!-- brokenlinktest -->
  <testcase classname="testcases.TC002_CreateAccountTest" name="createaccountTest" time="0.0">
    <ignored/>
  </testcase> <!-- createaccountTest -->
  <testcase classname="testcases.TC003_NegativeCreateAccountTest" name="negativecreateaccountTest" time="0.0">
    <ignored/>
  </testcase> <!-- negativecreateaccountTest -->
  <testcase classname="testcases.TC004_SigninTest" name="signintest" time="0.0">
    <ignored/>
  </testcase> <!-- signintest -->
  <testcase classname="testcases.TC009_CheckoutandPaymentTest" name="checkoutandpayment" time="0.0">
    <ignored/>
  </testcase> <!-- checkoutandpayment -->
  <testcase classname="testcases.TC011_BottomLinkTest" name="bottomlinktest" time="0.0">
    <ignored/>
  </testcase> <!-- bottomlinktest -->
  <testcase classname="testcases.TC010_MenuPagesTest" name="menupages" time="0.0">
    <ignored/>
  </testcase> <!-- menupages -->
</testsuite> <!-- firefox Test -->
