<?xml version="1.0" encoding="UTF-8"?>
<!-- Generated by org.testng.reporters.JUnitXMLReporter -->
<testsuite ignored="10" hostname="LAPTOP-8LV2OBVU" failures="0" tests="1" name="Test" time="94.058" errors="0" timestamp="2023-12-23T12:07:15 IST">
  <testcase classname="testcases.TC009_CheckoutandPaymentTest" name="checkoutandpayment" time="89.111"/>
  <testcase classname="testcases.TC010_MenuPagesTest" name="menupages" time="0.0">
    <ignored/>
  </testcase> <!-- menupages -->
  <testcase classname="testcases.TC011_BottomLinkTest" name="bottomlinktest" time="0.0">
    <ignored/>
  </testcase> <!-- bottomlinktest -->
  <testcase classname="testcases.TC008_ShopbyBrandTest" name="shopbybrand" time="0.0">
    <ignored/>
  </testcase> <!-- shopbybrand -->
  <testcase classname="testcases.TC001_BrokenLinkTest" name="brokenlinktest" time="0.0">
    <ignored/>
  </testcase> <!-- brokenlinktest -->
  <testcase classname="testcases.TC005_NegativeSigninTest" name="negativesignintest" time="0.0">
    <ignored/>
  </testcase> <!-- negativesignintest -->
  <testcase classname="testcases.TC006_SearchTheProductTest" name="searchtheproduct" time="0.0">
    <ignored/>
  </testcase> <!-- searchtheproduct -->
  <testcase classname="testcases.TC003_NegativeCreateAccountTest" name="negativecreateaccountTest" time="0.0">
    <ignored/>
  </testcase> <!-- negativecreateaccountTest -->
  <testcase classname="testcases.TC002_CreateAccountTest" name="createaccountTest" time="0.0">
    <ignored/>
  </testcase> <!-- createaccountTest -->
  <testcase classname="testcases.TC007_ShopbyDepartmentTest" name="shopbydepartment" time="0.0">
    <ignored/>
  </testcase> <!-- shopbydepartment -->
  <testcase classname="testcases.TC004_SigninTest" name="signintest" time="0.0">
    <ignored/>
  </testcase> <!-- signintest -->
</testsuite> <!-- Test -->
